Compiled application.js  (27ms)  (pid 3455)
Compiled jquery.js  (2ms)  (pid 3455)
Compiled jquery_ujs.js  (0ms)  (pid 3455)
Compiled twitter/bootstrap.js  (17ms)  (pid 3455)
Compiled twitter/bootstrap/bootstrap-transition.js  (0ms)  (pid 3455)
Compiled twitter/bootstrap/bootstrap-alert.js  (0ms)  (pid 3455)
Compiled twitter/bootstrap/bootstrap-modal.js  (0ms)  (pid 3455)
Compiled twitter/bootstrap/bootstrap-dropdown.js  (0ms)  (pid 3455)
Compiled twitter/bootstrap/bootstrap-scrollspy.js  (0ms)  (pid 3455)
Compiled twitter/bootstrap/bootstrap-tab.js  (0ms)  (pid 3455)
Compiled twitter/bootstrap/bootstrap-tooltip.js  (0ms)  (pid 3455)
Compiled twitter/bootstrap/bootstrap-popover.js  (0ms)  (pid 3455)
Compiled twitter/bootstrap/bootstrap-button.js  (0ms)  (pid 3455)
Compiled twitter/bootstrap/bootstrap-collapse.js  (0ms)  (pid 3455)
Compiled twitter/bootstrap/bootstrap-carousel.js  (0ms)  (pid 3455)
Compiled twitter/bootstrap/bootstrap-typeahead.js  (0ms)  (pid 3455)
Compiled twitter/bootstrap/bootstrap-affix.js  (0ms)  (pid 3455)
Compiled gmaps4rails/gmaps4rails.base.js  (165ms)  (pid 3455)
Compiled gmaps4rails/gmaps4rails.bing.js  (36ms)  (pid 3455)
Compiled gmaps4rails/gmaps4rails.googlemaps.js  (67ms)  (pid 3455)
Compiled gmaps4rails/gmaps4rails.mapquest.js  (34ms)  (pid 3455)
Compiled gmaps4rails/gmaps4rails.openlayers.js  (61ms)  (pid 3455)
Compiled bootstrap.js  (4ms)  (pid 3455)
Compiled crimes.js  (0ms)  (pid 3455)
Compiled application.css  (1ms)  (pid 3455)
Compiled bootstrap_and_overrides.css  (609ms)  (pid 3455)
Compiled crimes.css  (7ms)  (pid 3455)
Compiled gmaps4rails.css  (0ms)  (pid 3455)
Compiled scaffolds.css  (9ms)  (pid 3455)
Compiled application.js  (9ms)  (pid 3451)
Compiled jquery.js  (1ms)  (pid 3451)
Compiled jquery_ujs.js  (0ms)  (pid 3451)
Compiled twitter/bootstrap.js  (14ms)  (pid 3451)
Compiled twitter/bootstrap/bootstrap-transition.js  (0ms)  (pid 3451)
Compiled twitter/bootstrap/bootstrap-alert.js  (0ms)  (pid 3451)
Compiled twitter/bootstrap/bootstrap-modal.js  (0ms)  (pid 3451)
Compiled twitter/bootstrap/bootstrap-dropdown.js  (0ms)  (pid 3451)
Compiled twitter/bootstrap/bootstrap-scrollspy.js  (0ms)  (pid 3451)
Compiled twitter/bootstrap/bootstrap-tab.js  (0ms)  (pid 3451)
Compiled twitter/bootstrap/bootstrap-tooltip.js  (0ms)  (pid 3451)
Compiled twitter/bootstrap/bootstrap-popover.js  (0ms)  (pid 3451)
Compiled twitter/bootstrap/bootstrap-button.js  (0ms)  (pid 3451)
Compiled twitter/bootstrap/bootstrap-collapse.js  (0ms)  (pid 3451)
Compiled twitter/bootstrap/bootstrap-carousel.js  (0ms)  (pid 3451)
Compiled twitter/bootstrap/bootstrap-typeahead.js  (0ms)  (pid 3451)
Compiled twitter/bootstrap/bootstrap-affix.js  (0ms)  (pid 3451)
Compiled gmaps4rails/gmaps4rails.base.js  (173ms)  (pid 3451)
Compiled gmaps4rails/gmaps4rails.bing.js  (66ms)  (pid 3451)
Compiled gmaps4rails/gmaps4rails.googlemaps.js  (65ms)  (pid 3451)
Compiled gmaps4rails/gmaps4rails.mapquest.js  (32ms)  (pid 3451)
Compiled gmaps4rails/gmaps4rails.openlayers.js  (57ms)  (pid 3451)
Compiled bootstrap.js  (4ms)  (pid 3451)
Compiled crimes.js  (0ms)  (pid 3451)
Compiled application.css  (18ms)  (pid 3451)
Compiled bootstrap_and_overrides.css  (798ms)  (pid 3451)
Compiled crimes.css  (38ms)  (pid 3451)
Compiled gmaps4rails.css  (0ms)  (pid 3451)
Compiled scaffolds.css  (41ms)  (pid 3451)
